[debug] [2023-03-23T08:33:14.162Z] ----------------------------------------------------------------------
[debug] [2023-03-23T08:33:14.163Z] Command:       /Users/amanizaha/.nvm/versions/node/v18.14.2/bin/node /Users/amanizaha/.nvm/versions/node/v18.14.2/bin/firebase serve --project thesis-11cc1
[debug] [2023-03-23T08:33:14.164Z] CLI Version:   11.24.0
[debug] [2023-03-23T08:33:14.164Z] Platform:      darwin
[debug] [2023-03-23T08:33:14.164Z] Node Version:  v18.14.2
[debug] [2023-03-23T08:33:14.167Z] Time:          Thu Mar 23 2023 09:33:14 GMT+0100 (Central European Standard Time)
[debug] [2023-03-23T08:33:14.167Z] ----------------------------------------------------------------------
[debug] 
[debug] [2023-03-23T08:33:14.207Z] > command requires scopes: ["email","openid","https://www.googleapis.com/auth/cloudplatformprojects.readonly","https://www.googleapis.com/auth/firebase","https://www.googleapis.com/auth/cloud-platform"]
[debug] [2023-03-23T08:33:14.207Z] > authorizing via signed-in user (amaninajim@gmail.com)
[debug] [2023-03-23T08:33:14.207Z] [iam] checking project thesis-11cc1 for permissions ["firebase.projects.get"]
[debug] [2023-03-23T08:33:14.208Z] > refreshing access token with scopes: []
[debug] [2023-03-23T08:33:14.209Z] >>> [apiv2][query] POST https://www.googleapis.com/oauth2/v3/token [none]
[debug] [2023-03-23T08:33:14.209Z] >>> [apiv2][body] POST https://www.googleapis.com/oauth2/v3/token [omitted]
[debug] [2023-03-23T08:33:14.372Z] <<< [apiv2][status] POST https://www.googleapis.com/oauth2/v3/token 200
[debug] [2023-03-23T08:33:14.372Z] <<< [apiv2][body] POST https://www.googleapis.com/oauth2/v3/token [omitted]
[debug] [2023-03-23T08:33:14.381Z] >>> [apiv2][query] POST https://cloudresourcemanager.googleapis.com/v1/projects/thesis-11cc1:testIamPermissions [none]
[debug] [2023-03-23T08:33:14.381Z] >>> [apiv2][(partial)header] POST https://cloudresourcemanager.googleapis.com/v1/projects/thesis-11cc1:testIamPermissions x-goog-quota-user=projects/thesis-11cc1
[debug] [2023-03-23T08:33:14.381Z] >>> [apiv2][body] POST https://cloudresourcemanager.googleapis.com/v1/projects/thesis-11cc1:testIamPermissions {"permissions":["firebase.projects.get"]}
[debug] [2023-03-23T08:33:15.227Z] <<< [apiv2][status] POST https://cloudresourcemanager.googleapis.com/v1/projects/thesis-11cc1:testIamPermissions 200
[debug] [2023-03-23T08:33:15.227Z] <<< [apiv2][body] POST https://cloudresourcemanager.googleapis.com/v1/projects/thesis-11cc1:testIamPermissions {"permissions":["firebase.projects.get"]}
[debug] [2023-03-23T08:33:15.228Z] >>> [apiv2][query] GET https://firebase.googleapis.com/v1beta1/projects/thesis-11cc1 [none]
[debug] [2023-03-23T08:33:15.584Z] <<< [apiv2][status] GET https://firebase.googleapis.com/v1beta1/projects/thesis-11cc1 200
[debug] [2023-03-23T08:33:15.584Z] <<< [apiv2][body] GET https://firebase.googleapis.com/v1beta1/projects/thesis-11cc1 {"projectId":"thesis-11cc1","projectNumber":"118723468214","displayName":"thesis","name":"projects/thesis-11cc1","resources":{"hostingSite":"thesis-11cc1","realtimeDatabaseInstance":"thesis-11cc1-default-rtdb"},"state":"ACTIVE","etag":"1_52257634-6fa2-48cb-b16a-f75bdba5773f"}
[info] 
[info] === Serving from '/Users/amanizaha/usi'...
[info] 
[debug] [2023-03-23T08:33:15.587Z] >>> [apiv2][query] GET https://firebasehosting.googleapis.com/v1beta1/projects/thesis-11cc1/sites 
[debug] [2023-03-23T08:33:16.800Z] <<< [apiv2][status] GET https://firebasehosting.googleapis.com/v1beta1/projects/thesis-11cc1/sites 200
[debug] [2023-03-23T08:33:16.800Z] <<< [apiv2][body] GET https://firebasehosting.googleapis.com/v1beta1/projects/thesis-11cc1/sites {"sites":[{"name":"projects/thesis-11cc1/sites/thesis-11cc1","defaultUrl":"https://thesis-11cc1.web.app","type":"DEFAULT_SITE"},{"name":"projects/thesis-11cc1/sites/thesis-2023","defaultUrl":"https://thesis-2023.web.app","appId":"1:118723468214:web:914ba2588d74c80a90bf17","type":"USER_SITE"}]}
[debug] [2023-03-23T08:33:16.801Z] >>> [apiv2][query] GET https://firebase.googleapis.com/v1beta1/projects/thesis-11cc1/webApps/-/config [none]
[debug] [2023-03-23T08:33:17.721Z] <<< [apiv2][status] GET https://firebase.googleapis.com/v1beta1/projects/thesis-11cc1/webApps/-/config 200
[debug] [2023-03-23T08:33:17.721Z] <<< [apiv2][body] GET https://firebase.googleapis.com/v1beta1/projects/thesis-11cc1/webApps/-/config {"projectId":"thesis-11cc1","appId":"1:118723468214:web:914ba2588d74c80a90bf17","databaseURL":"https://thesis-11cc1-default-rtdb.europe-west1.firebasedatabase.app","storageBucket":"thesis-11cc1.appspot.com","apiKey":"AIzaSyC9wQY6bCkr1mUgWxATGNnwSwOSs9JXkb4","authDomain":"thesis-11cc1.firebaseapp.com","messagingSenderId":"118723468214","measurementId":"G-RDE3Q38VC2"}
[debug] [2023-03-23T08:33:17.728Z] >>> [apiv2][query] GET https://firebase.googleapis.com/v1beta1/projects/thesis-11cc1 [none]
[debug] [2023-03-23T08:33:18.034Z] <<< [apiv2][status] GET https://firebase.googleapis.com/v1beta1/projects/thesis-11cc1 200
[debug] [2023-03-23T08:33:18.035Z] <<< [apiv2][body] GET https://firebase.googleapis.com/v1beta1/projects/thesis-11cc1 {"projectId":"thesis-11cc1","projectNumber":"118723468214","displayName":"thesis","name":"projects/thesis-11cc1","resources":{"hostingSite":"thesis-11cc1","realtimeDatabaseInstance":"thesis-11cc1-default-rtdb"},"state":"ACTIVE","etag":"1_52257634-6fa2-48cb-b16a-f75bdba5773f"}
[info] i  hosting[thesis-2023]: Serving hosting files from: public {"metadata":{"emulator":{"name":"hosting"},"message":"Serving hosting files from: \u001b[1mpublic\u001b[22m"}}
[info] ✔  hosting[thesis-2023]: Local server: http://localhost:5000 {"metadata":{"emulator":{"name":"hosting"},"message":"Local server: \u001b[4m\u001b[1mhttp://localhost:5000\u001b[22m\u001b[24m"}}
